TN:
SF:src/router.ts
FN:29,(anonymous_0)
FN:45,(anonymous_1)
FNF:2
FNH:2
FNDA:4,(anonymous_0)
FNDA:6,(anonymous_1)
DA:1,2
DA:2,2
DA:3,2
DA:4,2
DA:7,2
DA:9,2
DA:11,2
DA:17,2
DA:29,4
DA:36,2
DA:45,6
DA:52,2
DA:57,2
DA:62,2
LF:14
LH:14
BRF:0
BRH:0
end_of_record
TN:
SF:src/server.ts
FN:6,connectDB
FN:28,(anonymous_2)
FNF:2
FNH:2
FNDA:3,connectDB
FNDA:1,(anonymous_2)
DA:1,2
DA:2,2
DA:3,2
DA:4,2
DA:6,2
DA:7,3
DA:9,3
DA:10,2
DA:15,1
DA:19,2
DA:21,2
DA:24,2
DA:26,2
DA:28,2
DA:29,1
DA:34,2
LF:16
LH:16
BRF:0
BRH:0
end_of_record
TN:
SF:src/config/db.ts
FNF:0
FNH:0
DA:1,2
DA:2,2
DA:3,2
DA:5,2
DA:7,2
DA:9,2
DA:14,2
LF:7
LH:7
BRF:0
BRH:0
end_of_record
TN:
SF:src/handlers/products.ts
FN:7,(anonymous_1)
FN:13,(anonymous_2)
FN:19,(anonymous_3)
FN:30,(anonymous_4)
FN:49,(anonymous_5)
FN:60,(anonymous_6)
FNF:6
FNH:6
FNDA:1,(anonymous_1)
FNDA:2,(anonymous_2)
FNDA:1,(anonymous_3)
FNDA:3,(anonymous_4)
FNDA:1,(anonymous_5)
FNDA:2,(anonymous_6)
DA:3,2
DA:7,2
DA:9,1
DA:10,1
DA:13,2
DA:15,2
DA:16,2
DA:17,2
DA:19,2
DA:20,1
DA:21,1
DA:22,1
DA:23,1
DA:30,2
DA:31,3
DA:32,3
DA:34,3
DA:35,2
DA:41,1
DA:43,1
DA:45,1
DA:49,2
DA:50,1
DA:51,1
DA:52,1
DA:54,1
DA:55,1
DA:57,1
DA:60,2
DA:61,2
DA:62,2
DA:63,2
DA:65,1
DA:72,1
DA:73,1
LF:35
LH:35
BRDA:22,0,0,1
BRDA:34,1,0,2
BRDA:63,2,0,1
BRF:3
BRH:3
end_of_record
TN:
SF:src/middleware/index.ts
FN:3,(anonymous_0)
FNF:1
FNH:1
FNDA:16,(anonymous_0)
DA:2,2
DA:3,2
DA:5,16
DA:7,16
DA:8,8
DA:10,8
LF:6
LH:6
BRDA:7,0,0,8
BRF:1
BRH:1
end_of_record
TN:
SF:src/models/Product.model.ts
FNF:0
FNH:0
DA:1,3
DA:7,3
DA:13,3
DA:18,3
DA:25,3
DA:29,3
LF:6
LH:6
BRF:0
BRH:0
end_of_record
